<?xml version="1.0" encoding="UTF-8"?>
<!-- Generated by org.testng.reporters.JUnitReportReporter -->
<testsuite hostname="ESBCN01L5PVLHM2" name="ricoh.es.Demo1_1" tests="2" failures="0" timestamp="6 Jun 2018 08:18:38 GMT" time="0.010" errors="0">
  <testcase name="methodDemo1_1" time="0.001" classname="ricoh.es.Demo1_1"/>
  <testcase name="methodDemo1_1" time="0.009" classname="ricoh.es.Demo1_1"/>
</testsuite> <!-- ricoh.es.Demo1_1 -->
