<?xml version="1.0" encoding="UTF-8"?>
<!-- Generated by org.testng.reporters.JUnitReportReporter -->
<testsuite hostname="ESBCN01L5PVLHM2" name="ricoh.es.Demo1_2" tests="1" failures="0" timestamp="6 Jun 2018 07:24:22 GMT" time="0.001" errors="0">
  <testcase name="methodDemo1_2" time="0.001" classname="ricoh.es.Demo1_2"/>
</testsuite> <!-- ricoh.es.Demo1_2 -->
