<?xml version="1.0" encoding="UTF-8"?>
<!-- Generated by org.testng.reporters.JUnitReportReporter -->
<testsuite hostname="ESBCN01L5PVLHM2" name="ricoh.es.TestNG" tests="1" failures="0" timestamp="6 Jun 2018 06:30:57 GMT" time="0.003" errors="0">
  <testcase name="f" time="0.003" classname="ricoh.es.TestNG"/>
</testsuite> <!-- ricoh.es.TestNG -->
